<?xml version="1.0" encoding="UTF-8"?>
<testsuite name="me.restaurant.domain.RestaurantTests" tests="2" skipped="0" failures="0" errors="0" timestamp="2020-04-28T03:39:34" hostname="BIGui-MacBookPro.local" time="0.006">
  <properties/>
  <testcase name="getInformation" classname="me.restaurant.domain.RestaurantTests" time="0.006"/>
  <testcase name="creation" classname="me.restaurant.domain.RestaurantTests" time="0.0"/>
  <system-out><![CDATA[]]></system-out>
  <system-err><![CDATA[]]></system-err>
</testsuite>
