<?xml version="1.0" encoding="UTF-8"?>
<testsuite name="me.restaurant.application.RestaurantServiceTest" tests="5" skipped="0" failures="0" errors="0" timestamp="2020-04-28T03:39:36" hostname="BIGui-MacBookPro.local" time="0.056">
  <properties/>
  <testcase name="addRestaurant" classname="me.restaurant.application.RestaurantServiceTest" time="0.05"/>
  <testcase name="getRestaurantWithNotExisted" classname="me.restaurant.application.RestaurantServiceTest" time="0.001"/>
  <testcase name="getRestaurantWithExisted" classname="me.restaurant.application.RestaurantServiceTest" time="0.001"/>
  <testcase name="getRestaurants" classname="me.restaurant.application.RestaurantServiceTest" time="0.002"/>
  <testcase name="updateRestaurant" classname="me.restaurant.application.RestaurantServiceTest" time="0.001"/>
  <system-out><![CDATA[]]></system-out>
  <system-err><![CDATA[]]></system-err>
</testsuite>
