<?xml version="1.0" encoding="UTF-8"?>
<testsuite name="me.restaurant.interfaces.RestaurantControllerTest" tests="3" skipped="0" failures="0" errors="0" timestamp="2020-04-28T03:39:37" hostname="BIGui-MacBookPro.local" time="0.055">
  <properties/>
  <testcase name="list" classname="me.restaurant.interfaces.RestaurantControllerTest" time="0.033"/>
  <testcase name="detailWithNotExisted" classname="me.restaurant.interfaces.RestaurantControllerTest" time="0.009"/>
  <testcase name="detailWithExisted" classname="me.restaurant.interfaces.RestaurantControllerTest" time="0.01"/>
  <system-out><![CDATA[
  .   ____          _            __ _ _
 /\\ / ___'_ __ _ _(_)_ __  __ _ \ \ \ \
( ( )\___ | '_ | '_| | '_ \/ _` | \ \ \ \
 \\/  ___)| |_)| | | | | || (_| |  ) ) ) )
  '  |____| .__|_| |_|_| |_\__, | / / / /
 =========|_|==============|___/=/_/_/_/
 :: Spring Boot ::        (v2.2.6.RELEASE)

2020-04-28 12:39:37.553  INFO 10136 --- [    Test worker] m.r.interfaces.RestaurantControllerTest  : Starting RestaurantControllerTest on BIGui-MacBookPro.local with PID 10136 (started by bigpenguin in /Users/bigpenguin/project/SpringBootProject-Restaurant/eatgo-customer-api)
2020-04-28 12:39:37.554  INFO 10136 --- [    Test worker] m.r.interfaces.RestaurantControllerTest  : No active profile set, falling back to default profiles: default
2020-04-28 12:39:37.809  INFO 10136 --- [    Test worker] o.s.s.concurrent.ThreadPoolTaskExecutor  : Initializing ExecutorService 'applicationTaskExecutor'
2020-04-28 12:39:37.914  INFO 10136 --- [    Test worker] o.s.b.t.m.w.SpringBootMockServletContext : Initializing Spring TestDispatcherServlet ''
2020-04-28 12:39:37.914  INFO 10136 --- [    Test worker] o.s.t.web.servlet.TestDispatcherServlet  : Initializing Servlet ''
2020-04-28 12:39:37.919  INFO 10136 --- [    Test worker] o.s.t.web.servlet.TestDispatcherServlet  : Completed initialization in 5 ms
2020-04-28 12:39:37.928  INFO 10136 --- [    Test worker] m.r.interfaces.RestaurantControllerTest  : Started RestaurantControllerTest in 0.388 seconds (JVM running for 2.847)
]]></system-out>
  <system-err><![CDATA[]]></system-err>
</testsuite>
