<?xml version="1.0" encoding="UTF-8"?>
<testsuite name="me.restaurant.interfaces.ReviewControllerTests" tests="2" skipped="0" failures="0" errors="0" timestamp="2020-04-28T03:39:37" hostname="BIGui-MacBookPro.local" time="0.186">
  <properties/>
  <testcase name="createWithValidAttriutes" classname="me.restaurant.interfaces.ReviewControllerTests" time="0.169"/>
  <testcase name="createWithInValidAttriutes" classname="me.restaurant.interfaces.ReviewControllerTests" time="0.016"/>
  <system-out><![CDATA[12:39:36.200 [Test worker] DEBUG org.springframework.test.annotation.ProfileValueUtils - Retrieved @ProfileValueSourceConfiguration [null] for test class [me.restaurant.interfaces.ReviewControllerTests]
12:39:36.200 [Test worker] DEBUG org.springframework.test.annotation.ProfileValueUtils - Retrieved ProfileValueSource type [class org.springframework.test.annotation.SystemProfileValueSource] for class [me.restaurant.interfaces.ReviewControllerTests]
12:39:36.200 [Test worker] DEBUG org.springframework.test.annotation.ProfileValueUtils - Retrieved @ProfileValueSourceConfiguration [null] for test class [me.restaurant.interfaces.ReviewControllerTests]
12:39:36.200 [Test worker] DEBUG org.springframework.test.annotation.ProfileValueUtils - Retrieved ProfileValueSource type [class org.springframework.test.annotation.SystemProfileValueSource] for class [me.restaurant.interfaces.ReviewControllerTests]
12:39:36.203 [Test worker] DEBUG org.springframework.test.context.support.AbstractDirtiesContextTestExecutionListener - Before test class: context [DefaultTestContext@296cfc59 testClass = ReviewControllerTests, testInstance = [null], testMethod = [null], testException = [null], mergedContextConfiguration = [WebMergedContextConfiguration@45a08840 testClass = ReviewControllerTests, locations = '{}', classes = '{class me.restaurant.EatgoCustomerApiApplication}', contextInitializerClasses = '[]', activeProfiles = '{}', propertySourceLocations = '{}', propertySourceProperties = '{org.springframework.boot.test.autoconfigure.web.servlet.WebMvcTestContextBootstrapper=true}', contextCustomizers = set[org.springframework.boot.test.autoconfigure.OverrideAutoConfigurationContextCustomizerFactory$DisableAutoConfigurationContextCustomizer@181bf8a4, org.springframework.boot.test.autoconfigure.filter.TypeExcludeFiltersContextCustomizer@19869be7, org.springframework.boot.test.autoconfigure.properties.PropertyMappingContextCustomizer@ef0ac7f2, org.springframework.boot.test.autoconfigure.web.servlet.WebDriverContextCustomizerFactory$Customizer@32d9a99d, [ImportsContextCustomizer@6cb9a488 key = [org.springframework.boot.autoconfigure.cache.CacheAutoConfiguration, org.springframework.boot.autoconfigure.context.MessageSourceAutoConfiguration, org.springframework.boot.autoconfigure.data.web.SpringDataWebAutoConfiguration, org.springframework.boot.autoconfigure.freemarker.FreeMarkerAutoConfiguration, org.springframework.boot.autoconfigure.groovy.template.GroovyTemplateAutoConfiguration, org.springframework.boot.autoconfigure.gson.GsonAutoConfiguration, org.springframework.boot.autoconfigure.hateoas.HypermediaAutoConfiguration, org.springframework.boot.autoconfigure.http.HttpMessageConvertersAutoConfiguration, org.springframework.boot.autoconfigure.jackson.JacksonAutoConfiguration, org.springframework.boot.autoconfigure.jsonb.JsonbAutoConfiguration, org.springframework.boot.autoconfigure.mustache.MustacheAutoConfiguration, org.springframework.boot.autoconfigure.task.TaskExecutionAutoConfiguration, org.springframework.boot.autoconfigure.thymeleaf.ThymeleafAutoConfiguration, org.springframework.boot.autoconfigure.validation.ValidationAutoConfiguration, org.springframework.boot.autoconfigure.web.servlet.error.ErrorMvcAutoConfiguration, org.springframework.boot.autoconfigure.web.servlet.WebMvcAutoConfiguration, org.springframework.boot.test.autoconfigure.web.servlet.MockMvcAutoConfiguration, org.springframework.boot.test.autoconfigure.web.servlet.MockMvcWebClientAutoConfiguration, org.springframework.boot.test.autoconfigure.web.servlet.MockMvcWebDriverAutoConfiguration, org.springframework.boot.autoconfigure.security.servlet.SecurityAutoConfiguration, org.springframework.boot.autoconfigure.security.servlet.UserDetailsServiceAutoConfiguration, org.springframework.boot.test.autoconfigure.web.servlet.MockMvcSecurityConfiguration]], org.springframework.boot.test.context.filter.ExcludeFilterContextCustomizer@6fb64e61, org.springframework.boot.test.json.DuplicateJsonObjectContextCustomizerFactory$DuplicateJsonObjectContextCustomizer@70904208, org.springframework.boot.test.mock.mockito.MockitoContextCustomizer@8c0b819b], resourceBasePath = 'src/main/webapp', contextLoader = 'org.springframework.boot.test.context.SpringBootContextLoader', parent = [null]], attributes = map[[empty]]], class annotated with @DirtiesContext [false] with mode [null].
12:39:36.204 [Test worker] DEBUG org.springframework.test.annotation.ProfileValueUtils - Retrieved @ProfileValueSourceConfiguration [null] for test class [me.restaurant.interfaces.ReviewControllerTests]
12:39:36.204 [Test worker] DEBUG org.springframework.test.annotation.ProfileValueUtils - Retrieved ProfileValueSource type [class org.springframework.test.annotation.SystemProfileValueSource] for class [me.restaurant.interfaces.ReviewControllerTests]
12:39:36.295 [Test worker] DEBUG org.springframework.test.context.support.TestPropertySourceUtils - Adding inlined properties to environment: {spring.jmx.enabled=false, org.springframework.boot.test.autoconfigure.web.servlet.WebMvcTestContextBootstrapper=true, server.port=-1}

  .   ____          _            __ _ _
 /\\ / ___'_ __ _ _(_)_ __  __ _ \ \ \ \
( ( )\___ | '_ | '_| | '_ \/ _` | \ \ \ \
 \\/  ___)| |_)| | | | | || (_| |  ) ) ) )
  '  |____| .__|_| |_|_| |_\__, | / / / /
 =========|_|==============|___/=/_/_/_/
 :: Spring Boot ::        (v2.2.6.RELEASE)

2020-04-28 12:39:36.455  INFO 10136 --- [    Test worker] m.r.interfaces.ReviewControllerTests     : Starting ReviewControllerTests on BIGui-MacBookPro.local with PID 10136 (started by bigpenguin in /Users/bigpenguin/project/SpringBootProject-Restaurant/eatgo-customer-api)
2020-04-28 12:39:36.457  INFO 10136 --- [    Test worker] m.r.interfaces.ReviewControllerTests     : No active profile set, falling back to default profiles: default
2020-04-28 12:39:37.169  INFO 10136 --- [    Test worker] o.s.s.concurrent.ThreadPoolTaskExecutor  : Initializing ExecutorService 'applicationTaskExecutor'
2020-04-28 12:39:37.319  INFO 10136 --- [    Test worker] o.s.b.t.m.w.SpringBootMockServletContext : Initializing Spring TestDispatcherServlet ''
2020-04-28 12:39:37.319  INFO 10136 --- [    Test worker] o.s.t.web.servlet.TestDispatcherServlet  : Initializing Servlet ''
2020-04-28 12:39:37.327  INFO 10136 --- [    Test worker] o.s.t.web.servlet.TestDispatcherServlet  : Completed initialization in 8 ms
2020-04-28 12:39:37.346  INFO 10136 --- [    Test worker] m.r.interfaces.ReviewControllerTests     : Started ReviewControllerTests in 1.045 seconds (JVM running for 2.266)
2020-04-28 12:39:37.535  WARN 10136 --- [    Test worker] .w.s.m.s.DefaultHandlerExceptionResolver : Resolved [org.springframework.web.bind.MethodArgumentNotValidException: Validation failed for argument [1] in public org.springframework.http.ResponseEntity me.restaurant.interfaces.ReviewController.create(java.lang.Long,me.restaurant.domain.Review) throws java.net.URISyntaxException with 3 errors: [Field error in object 'review' on field 'name': rejected value [null]; codes [NotEmpty.review.name,NotEmpty.name,NotEmpty.java.lang.String,NotEmpty]; arguments [org.springframework.context.support.DefaultMessageSourceResolvable: codes [review.name,name]; arguments []; default message [name]]; default message [must not be empty]] [Field error in object 'review' on field 'score': rejected value [null]; codes [NotNull.review.score,NotNull.score,NotNull.java.lang.Integer,NotNull]; arguments [org.springframework.context.support.DefaultMessageSourceResolvable: codes [review.score,score]; arguments []; default message [score]]; default message [must not be null]] [Field error in object 'review' on field 'description': rejected value [null]; codes [NotEmpty.review.description,NotEmpty.description,NotEmpty.java.lang.String,NotEmpty]; arguments [org.springframework.context.support.DefaultMessageSourceResolvable: codes [review.description,description]; arguments []; default message [description]]; default message [must not be empty]] ]
]]></system-out>
  <system-err><![CDATA[]]></system-err>
</testsuite>
