<?xml version="1.0" encoding="UTF-8"?>
<testsuite name="me.restaurant.EatgoCustomerApiApplicationTests" tests="1" skipped="0" failures="0" errors="0" timestamp="2020-04-28T03:39:40" hostname="BIGui-MacBookPro.local" time="0.01">
  <properties/>
  <testcase name="contextLoads()" classname="me.restaurant.EatgoCustomerApiApplicationTests" time="0.01"/>
  <system-out><![CDATA[2020-04-28 12:39:38.027  INFO 10136 --- [    Test worker] .b.t.c.SpringBootTestContextBootstrapper : Neither @ContextConfiguration nor @ContextHierarchy found for test class [me.restaurant.EatgoCustomerApiApplicationTests], using SpringBootContextLoader
2020-04-28 12:39:38.027  INFO 10136 --- [    Test worker] o.s.t.c.support.AbstractContextLoader    : Could not detect default resource locations for test class [me.restaurant.EatgoCustomerApiApplicationTests]: no resource found for suffixes {-context.xml, Context.groovy}.
2020-04-28 12:39:38.028  INFO 10136 --- [    Test worker] t.c.s.AnnotationConfigContextLoaderUtils : Could not detect default configuration classes for test class [me.restaurant.EatgoCustomerApiApplicationTests]: EatgoCustomerApiApplicationTests does not declare any static, non-private, non-final, nested classes annotated with @Configuration.
2020-04-28 12:39:38.030  INFO 10136 --- [    Test worker] .b.t.c.SpringBootTestContextBootstrapper : Found @SpringBootConfiguration me.restaurant.EatgoCustomerApiApplication for test class me.restaurant.EatgoCustomerApiApplicationTests
2020-04-28 12:39:38.032  INFO 10136 --- [    Test worker] .b.t.c.SpringBootTestContextBootstrapper : Loaded default TestExecutionListener class names from location [META-INF/spring.factories]: [org.springframework.boot.test.autoconfigure.restdocs.RestDocsTestExecutionListener, org.springframework.boot.test.autoconfigure.web.client.MockRestServiceServerResetTestExecutionListener, org.springframework.boot.test.autoconfigure.web.servlet.MockMvcPrintOnlyOnFailureTestExecutionListener, org.springframework.boot.test.autoconfigure.web.servlet.WebDriverTestExecutionListener, org.springframework.boot.test.mock.mockito.MockitoTestExecutionListener, org.springframework.boot.test.mock.mockito.ResetMocksTestExecutionListener, org.springframework.test.context.web.ServletTestExecutionListener, org.springframework.test.context.support.DirtiesContextBeforeModesTestExecutionListener, org.springframework.test.context.support.DependencyInjectionTestExecutionListener, org.springframework.test.context.support.DirtiesContextTestExecutionListener, org.springframework.test.context.transaction.TransactionalTestExecutionListener, org.springframework.test.context.jdbc.SqlScriptsTestExecutionListener, org.springframework.test.context.event.EventPublishingTestExecutionListener]
2020-04-28 12:39:38.032  INFO 10136 --- [    Test worker] .b.t.c.SpringBootTestContextBootstrapper : Using TestExecutionListeners: [org.springframework.test.context.web.ServletTestExecutionListener@7bccae06, org.springframework.test.context.support.DirtiesContextBeforeModesTestExecutionListener@1853e6db, org.springframework.boot.test.mock.mockito.MockitoTestExecutionListener@332d2244, org.springframework.boot.test.autoconfigure.SpringBootDependencyInjectionTestExecutionListener@75c0f2ee, org.springframework.test.context.support.DirtiesContextTestExecutionListener@6b62cece, org.springframework.test.context.transaction.TransactionalTestExecutionListener@6c808847, org.springframework.test.context.jdbc.SqlScriptsTestExecutionListener@3665b891, org.springframework.test.context.event.EventPublishingTestExecutionListener@44c07b31, org.springframework.boot.test.autoconfigure.restdocs.RestDocsTestExecutionListener@3929d9d9, org.springframework.boot.test.autoconfigure.web.client.MockRestServiceServerResetTestExecutionListener@5183bc0b, org.springframework.boot.test.autoconfigure.web.servlet.MockMvcPrintOnlyOnFailureTestExecutionListener@4ab9379a, org.springframework.boot.test.autoconfigure.web.servlet.WebDriverTestExecutionListener@de7d40f, org.springframework.boot.test.mock.mockito.ResetMocksTestExecutionListener@7af7237b]

  .   ____          _            __ _ _
 /\\ / ___'_ __ _ _(_)_ __  __ _ \ \ \ \
( ( )\___ | '_ | '_| | '_ \/ _` | \ \ \ \
 \\/  ___)| |_)| | | | | || (_| |  ) ) ) )
  '  |____| .__|_| |_|_| |_\__, | / / / /
 =========|_|==============|___/=/_/_/_/
 :: Spring Boot ::        (v2.2.6.RELEASE)

2020-04-28 12:39:38.050  INFO 10136 --- [    Test worker] m.r.EatgoCustomerApiApplicationTests     : Starting EatgoCustomerApiApplicationTests on BIGui-MacBookPro.local with PID 10136 (started by bigpenguin in /Users/bigpenguin/project/SpringBootProject-Restaurant/eatgo-customer-api)
2020-04-28 12:39:38.050  INFO 10136 --- [    Test worker] m.r.EatgoCustomerApiApplicationTests     : No active profile set, falling back to default profiles: default
2020-04-28 12:39:38.197  INFO 10136 --- [    Test worker] .s.d.r.c.RepositoryConfigurationDelegate : Bootstrapping Spring Data JPA repositories in DEFAULT mode.
2020-04-28 12:39:38.237  INFO 10136 --- [    Test worker] .s.d.r.c.RepositoryConfigurationDelegate : Finished Spring Data repository scanning in 33ms. Found 3 JPA repository interfaces.
2020-04-28 12:39:38.445  INFO 10136 --- [    Test worker] com.zaxxer.hikari.HikariDataSource       : HikariPool-1 - Starting...
2020-04-28 12:39:38.617  INFO 10136 --- [    Test worker] com.zaxxer.hikari.HikariDataSource       : HikariPool-1 - Start completed.
2020-04-28 12:39:38.700  INFO 10136 --- [    Test worker] o.hibernate.jpa.internal.util.LogHelper  : HHH000204: Processing PersistenceUnitInfo [name: default]
2020-04-28 12:39:38.768  INFO 10136 --- [    Test worker] org.hibernate.Version                    : HHH000412: Hibernate ORM core version 5.4.12.Final
2020-04-28 12:39:38.800  INFO 10136 --- [    Test worker] o.hibernate.annotations.common.Version   : HCANN000001: Hibernate Commons Annotations {5.1.0.Final}
2020-04-28 12:39:38.892  INFO 10136 --- [    Test worker] org.hibernate.dialect.Dialect            : HHH000400: Using dialect: org.hibernate.dialect.H2Dialect
2020-04-28 12:39:39.354  INFO 10136 --- [    Test worker] o.h.e.t.j.p.i.JtaPlatformInitiator       : HHH000490: Using JtaPlatform implementation: [org.hibernate.engine.transaction.jta.platform.internal.NoJtaPlatform]
2020-04-28 12:39:39.359  INFO 10136 --- [    Test worker] j.LocalContainerEntityManagerFactoryBean : Initialized JPA EntityManagerFactory for persistence unit 'default'
2020-04-28 12:39:39.792  WARN 10136 --- [    Test worker] JpaBaseConfiguration$JpaWebConfiguration : spring.jpa.open-in-view is enabled by default. Therefore, database queries may be performed during view rendering. Explicitly configure spring.jpa.open-in-view to disable this warning
2020-04-28 12:39:39.871  INFO 10136 --- [    Test worker] o.s.s.concurrent.ThreadPoolTaskExecutor  : Initializing ExecutorService 'applicationTaskExecutor'
2020-04-28 12:39:40.048  INFO 10136 --- [    Test worker] m.r.EatgoCustomerApiApplicationTests     : Started EatgoCustomerApiApplicationTests in 2.01 seconds (JVM running for 4.967)
]]></system-out>
  <system-err><![CDATA[]]></system-err>
</testsuite>
