<?xml version="1.0" encoding="UTF-8"?>
<testsuite name="me.restaurant.application.MenuItemServiceTests" tests="2" skipped="0" failures="0" errors="0" timestamp="2020-04-28T03:39:28" hostname="BIGui-MacBookPro.local" time="0.022">
  <properties/>
  <testcase name="getMenuItems" classname="me.restaurant.application.MenuItemServiceTests" time="0.018"/>
  <testcase name="bulkUpdate" classname="me.restaurant.application.MenuItemServiceTests" time="0.004"/>
  <system-out><![CDATA[]]></system-out>
  <system-err><![CDATA[]]></system-err>
</testsuite>
