<?xml version="1.0" encoding="UTF-8"?>
<testsuite name="me.restaurant.interfaces.RestaurantControllerTest" tests="8" skipped="0" failures="0" errors="0" timestamp="2020-04-28T03:39:31" hostname="BIGui-MacBookPro.local" time="0.128">
  <properties/>
  <testcase name="updateWithValidData" classname="me.restaurant.interfaces.RestaurantControllerTest" time="0.065"/>
  <testcase name="list" classname="me.restaurant.interfaces.RestaurantControllerTest" time="0.008"/>
  <testcase name="detailWithNotExisted" classname="me.restaurant.interfaces.RestaurantControllerTest" time="0.007"/>
  <testcase name="detailWithExisted" classname="me.restaurant.interfaces.RestaurantControllerTest" time="0.006"/>
  <testcase name="createWithInValidData" classname="me.restaurant.interfaces.RestaurantControllerTest" time="0.018"/>
  <testcase name="updateWithoutName" classname="me.restaurant.interfaces.RestaurantControllerTest" time="0.004"/>
  <testcase name="createWithValidData" classname="me.restaurant.interfaces.RestaurantControllerTest" time="0.007"/>
  <testcase name="updateWithInValidData" classname="me.restaurant.interfaces.RestaurantControllerTest" time="0.004"/>
  <system-out><![CDATA[
  .   ____          _            __ _ _
 /\\ / ___'_ __ _ _(_)_ __  __ _ \ \ \ \
( ( )\___ | '_ | '_| | '_ \/ _` | \ \ \ \
 \\/  ___)| |_)| | | | | || (_| |  ) ) ) )
  '  |____| .__|_| |_|_| |_\__, | / / / /
 =========|_|==============|___/=/_/_/_/
 :: Spring Boot ::        (v2.2.6.RELEASE)

2020-04-28 12:39:30.890  INFO 10119 --- [    Test worker] m.r.interfaces.RestaurantControllerTest  : Starting RestaurantControllerTest on BIGui-MacBookPro.local with PID 10119 (started by bigpenguin in /Users/bigpenguin/project/SpringBootProject-Restaurant/eatgo-admin-api)
2020-04-28 12:39:30.891  INFO 10119 --- [    Test worker] m.r.interfaces.RestaurantControllerTest  : No active profile set, falling back to default profiles: default
2020-04-28 12:39:31.096  INFO 10119 --- [    Test worker] o.s.s.concurrent.ThreadPoolTaskExecutor  : Initializing ExecutorService 'applicationTaskExecutor'
2020-04-28 12:39:31.192  INFO 10119 --- [    Test worker] o.s.b.t.m.w.SpringBootMockServletContext : Initializing Spring TestDispatcherServlet ''
2020-04-28 12:39:31.192  INFO 10119 --- [    Test worker] o.s.t.web.servlet.TestDispatcherServlet  : Initializing Servlet ''
2020-04-28 12:39:31.198  INFO 10119 --- [    Test worker] o.s.t.web.servlet.TestDispatcherServlet  : Completed initialization in 6 ms
2020-04-28 12:39:31.209  INFO 10119 --- [    Test worker] m.r.interfaces.RestaurantControllerTest  : Started RestaurantControllerTest in 0.332 seconds (JVM running for 3.388)
2020-04-28 12:39:31.320  WARN 10119 --- [    Test worker] .w.s.m.s.DefaultHandlerExceptionResolver : Resolved [org.springframework.web.bind.MethodArgumentNotValidException: Validation failed for argument [0] in public org.springframework.http.ResponseEntity<?> me.restaurant.interfaces.RestaurantController.create(me.restaurant.domain.Restaurant) throws java.net.URISyntaxException with 2 errors: [Field error in object 'restaurant' on field 'name': rejected value []; codes [NotEmpty.restaurant.name,NotEmpty.name,NotEmpty.java.lang.String,NotEmpty]; arguments [org.springframework.context.support.DefaultMessageSourceResolvable: codes [restaurant.name,name]; arguments []; default message [name]]; default message [must not be empty]] [Field error in object 'restaurant' on field 'address': rejected value []; codes [NotEmpty.restaurant.address,NotEmpty.address,NotEmpty.java.lang.String,NotEmpty]; arguments [org.springframework.context.support.DefaultMessageSourceResolvable: codes [restaurant.address,address]; arguments []; default message [address]]; default message [must not be empty]] ]
2020-04-28 12:39:31.325  WARN 10119 --- [    Test worker] .w.s.m.s.DefaultHandlerExceptionResolver : Resolved [org.springframework.web.bind.MethodArgumentNotValidException: Validation failed for argument [1] in public java.lang.String me.restaurant.interfaces.RestaurantController.update(java.lang.Long,me.restaurant.domain.Restaurant): [Field error in object 'restaurant' on field 'name': rejected value []; codes [NotEmpty.restaurant.name,NotEmpty.name,NotEmpty.java.lang.String,NotEmpty]; arguments [org.springframework.context.support.DefaultMessageSourceResolvable: codes [restaurant.name,name]; arguments []; default message [name]]; default message [must not be empty]] ]
2020-04-28 12:39:31.338  WARN 10119 --- [    Test worker] .w.s.m.s.DefaultHandlerExceptionResolver : Resolved [org.springframework.web.bind.MethodArgumentNotValidException: Validation failed for argument [1] in public java.lang.String me.restaurant.interfaces.RestaurantController.update(java.lang.Long,me.restaurant.domain.Restaurant) with 2 errors: [Field error in object 'restaurant' on field 'name': rejected value []; codes [NotEmpty.restaurant.name,NotEmpty.name,NotEmpty.java.lang.String,NotEmpty]; arguments [org.springframework.context.support.DefaultMessageSourceResolvable: codes [restaurant.name,name]; arguments []; default message [name]]; default message [must not be empty]] [Field error in object 'restaurant' on field 'address': rejected value []; codes [NotEmpty.restaurant.address,NotEmpty.address,NotEmpty.java.lang.String,NotEmpty]; arguments [org.springframework.context.support.DefaultMessageSourceResolvable: codes [restaurant.address,address]; arguments []; default message [address]]; default message [must not be empty]] ]
]]></system-out>
  <system-err><![CDATA[]]></system-err>
</testsuite>
