<?xml version="1.0" encoding="UTF-8"?>
<testsuite name="me.restaurant.interfaces.ReviewControllerTests" tests="1" skipped="0" failures="0" errors="0" timestamp="2020-04-28T03:39:30" hostname="BIGui-MacBookPro.local" time="0.03">
  <properties/>
  <testcase name="list" classname="me.restaurant.interfaces.ReviewControllerTests" time="0.03"/>
  <system-out><![CDATA[
  .   ____          _            __ _ _
 /\\ / ___'_ __ _ _(_)_ __  __ _ \ \ \ \
( ( )\___ | '_ | '_| | '_ \/ _` | \ \ \ \
 \\/  ___)| |_)| | | | | || (_| |  ) ) ) )
  '  |____| .__|_| |_|_| |_\__, | / / / /
 =========|_|==============|___/=/_/_/_/
 :: Spring Boot ::        (v2.2.6.RELEASE)

2020-04-28 12:39:30.437  INFO 10119 --- [    Test worker] m.r.interfaces.ReviewControllerTests     : Starting ReviewControllerTests on BIGui-MacBookPro.local with PID 10119 (started by bigpenguin in /Users/bigpenguin/project/SpringBootProject-Restaurant/eatgo-admin-api)
2020-04-28 12:39:30.438  INFO 10119 --- [    Test worker] m.r.interfaces.ReviewControllerTests     : No active profile set, falling back to default profiles: default
2020-04-28 12:39:30.714  INFO 10119 --- [    Test worker] o.s.s.concurrent.ThreadPoolTaskExecutor  : Initializing ExecutorService 'applicationTaskExecutor'
2020-04-28 12:39:30.825  INFO 10119 --- [    Test worker] o.s.b.t.m.w.SpringBootMockServletContext : Initializing Spring TestDispatcherServlet ''
2020-04-28 12:39:30.825  INFO 10119 --- [    Test worker] o.s.t.web.servlet.TestDispatcherServlet  : Initializing Servlet ''
2020-04-28 12:39:30.831  INFO 10119 --- [    Test worker] o.s.t.web.servlet.TestDispatcherServlet  : Completed initialization in 6 ms
2020-04-28 12:39:30.842  INFO 10119 --- [    Test worker] m.r.interfaces.ReviewControllerTests     : Started ReviewControllerTests in 0.427 seconds (JVM running for 3.021)
]]></system-out>
  <system-err><![CDATA[]]></system-err>
</testsuite>
